Using pre-set license
Built from '6000.0/staging' branch; Version is '6000.0.26f1 (ccb7c73d2c02) revision 13416391'; Using compiler version '193933523'; Build Type 'Release'
OS: 'Windows 10  (10.0.19045) 64bit Professional' Language: 'en' Physical Memory: 16307 MB
BatchMode: 1, IsHumanControllingUs: 0, StartBugReporterOnCrash: 0, Is64bit: 1, IsPro: 1

COMMAND LINE ARGUMENTS:
C:\Program Files\Unity\Hub\Editor\6000.0.26f1\Editor\Unity.exe
-adb2
-batchMode
-noUpm
-name
AssetImportWorker2
-projectPath
C:/Users/alber/Desktop/Codes/GameProgramming2
-logFile
Logs/AssetImportWorker2.log
-srvPort
53014
-job-worker-count
5
-background-job-worker-count
8
-asset-garbage-collectors
1
Successfully changed project path to: C:/Users/alber/Desktop/Codes/GameProgramming2
C:/Users/alber/Desktop/Codes/GameProgramming2
[UnityMemory] Configuration Parameters - Can be set up in boot.config
    "memorysetup-bucket-allocator-granularity=16"
    "memorysetup-bucket-allocator-bucket-count=8"
    "memorysetup-bucket-allocator-block-size=33554432"
    "memorysetup-bucket-allocator-block-count=8"
    "memorysetup-main-allocator-block-size=16777216"
    "memorysetup-thread-allocator-block-size=16777216"
    "memorysetup-gfx-main-allocator-block-size=16777216"
    "memorysetup-gfx-thread-allocator-block-size=16777216"
    "memorysetup-cache-allocator-block-size=4194304"
    "memorysetup-typetree-allocator-block-size=2097152"
    "memorysetup-profiler-bucket-allocator-granularity=16"
    "memorysetup-profiler-bucket-allocator-bucket-count=8"
    "memorysetup-profiler-bucket-allocator-block-size=33554432"
    "memorysetup-profiler-bucket-allocator-block-count=8"
    "memorysetup-profiler-allocator-block-size=16777216"
    "memorysetup-profiler-editor-allocator-block-size=1048576"
    "memorysetup-temp-allocator-size-main=16777216"
    "memorysetup-job-temp-allocator-block-size=2097152"
    "memorysetup-job-temp-allocator-block-size-background=1048576"
    "memorysetup-job-temp-allocator-reduction-small-platforms=262144"
    "memorysetup-allocator-temp-initial-block-size-main=262144"
    "memorysetup-allocator-temp-initial-block-size-worker=262144"
    "memorysetup-temp-allocator-size-background-worker=32768"
    "memorysetup-temp-allocator-size-job-worker=262144"
    "memorysetup-temp-allocator-size-preload-manager=33554432"
    "memorysetup-temp-allocator-size-nav-mesh-worker=65536"
    "memorysetup-temp-allocator-size-audio-worker=65536"
    "memorysetup-temp-allocator-size-cloud-worker=32768"
    "memorysetup-temp-allocator-size-gi-baking-worker=262144"
    "memorysetup-temp-allocator-size-gi-baking-worker=262144"
    "memorysetup-temp-allocator-size-gi-baking-worker=262144"
    "memorysetup-temp-allocator-size-gi-baking-worker=262144"
    "memorysetup-temp-allocator-size-gi-baking-worker=262144"
    "memorysetup-temp-allocator-size-gfx=262144"
Player connection [23448]  Target information:

Player connection [23448]  * "[IP] 192.168.1.4 [Port] 0 [Flags] 2 [Guid] 610914998 [EditorId] 610914998 [Version] 1048832 [Id] WindowsEditor(7,DESKTOP-B334PCK) [Debug] 1 [PackageName] WindowsEditor [ProjectName] Editor" 

Player connection [23448]  * "[IP] 169.254.5.254 [Port] 0 [Flags] 2 [Guid] 610914998 [EditorId] 610914998 [Version] 1048832 [Id] WindowsEditor(7,DESKTOP-B334PCK) [Debug] 1 [PackageName] WindowsEditor [ProjectName] Editor" 

Player connection [23448] Host joined multi-casting on [225.0.0.222:54997]...
Player connection [23448] Host joined alternative multi-casting on [225.0.0.222:34997]...
JobSystem: Creating JobQueue using job-worker-count value 5
[Physics::Module] Initialized fallback backend.
[Physics::Module] Id: 0xdecafbad
Library Redirect Path: Library/
[Physics::Module] Selected backend.
[Physics::Module] Name: PhysX
[Physics::Module] Id: 0xf2b8ea05
[Physics::Module] SDK Version: 4.1.2
[Physics::Module] Integration Version: 1.0.0
[Physics::Module] Threading Mode: Multi-Threaded
Refreshing native plugins compatible for Editor in 13.69 ms, found 5 plugins.
Preloading 1 native plugins for Editor in 6.63 ms.
Initialize engine version: 6000.0.26f1 (ccb7c73d2c02)
[Subsystems] Discovering subsystems at path C:/Program Files/Unity/Hub/Editor/6000.0.26f1/Editor/Data/Resources/UnitySubsystems
[Subsystems] Discovering subsystems at path C:/Users/alber/Desktop/Codes/GameProgramming2/Assets
GfxDevice: creating device client; kGfxThreadingModeNonThreaded
Direct3D:
    Version:  Direct3D 11.0 [level 11.1]
    Renderer: NVIDIA GeForce GTX 1080 Ti (ID=0x1b06)
    Vendor:   NVIDIA
    VRAM:     11120 MB
    Driver:   31.0.15.3699
Initialize mono
Mono path[0] = 'C:/Program Files/Unity/Hub/Editor/6000.0.26f1/Editor/Data/Managed'
Mono path[1] = 'C:/Program Files/Unity/Hub/Editor/6000.0.26f1/Editor/Data/MonoBleedingEdge/lib/mono/unityjit-win32'
Mono config path = 'C:/Program Files/Unity/Hub/Editor/6000.0.26f1/Editor/Data/MonoBleedingEdge/etc'
Using monoOptions --debugger-agent=transport=dt_socket,embedding=1,server=y,suspend=n,address=127.0.0.1:56304
Begin MonoManager ReloadAssembly
Registering precompiled unity dll's ...
Register platform support module: C:/Program Files/Unity/Hub/Editor/6000.0.26f1/Editor/Data/PlaybackEngines/WindowsStandaloneSupport/UnityEditor.WindowsStandalone.Extensions.dll
Registered in 0.007974 seconds.
- Loaded All Assemblies, in  0.483 seconds
Native extension for WindowsStandalone target not found
Mono: successfully reloaded assembly
- Finished resetting the current domain, in  0.302 seconds
Domain Reload Profiling: 774ms
	BeginReloadAssembly (216ms)
		ExecutionOrderSort (0ms)
		DisableScriptedObjects (0ms)
		BackupInstance (0ms)
		ReleaseScriptingObjects (0ms)
		CreateAndSetChildDomain (1ms)
	RebuildCommonClasses (37ms)
	RebuildNativeTypeToScriptingClass (11ms)
	initialDomainReloadingComplete (66ms)
	LoadAllAssembliesAndSetupDomain (141ms)
		LoadAssemblies (208ms)
		RebuildTransferFunctionScriptingTraits (0ms)
		AnalyzeDomain (138ms)
			TypeCache.Refresh (136ms)
				TypeCache.ScanAssembly (123ms)
			BuildScriptInfoCaches (0ms)
			ResolveRequiredComponents (1ms)
	FinalizeReload (302ms)
		ReleaseScriptCaches (0ms)
		RebuildScriptCaches (0ms)
		SetupLoadedEditorAssemblies (257ms)
			LogAssemblyErrors (0ms)
			InitializePlatformSupportModulesInManaged (27ms)
			SetLoadedEditorAssemblies (4ms)
			BeforeProcessingInitializeOnLoad (5ms)
			ProcessInitializeOnLoadAttributes (162ms)
			ProcessInitializeOnLoadMethodAttributes (57ms)
			AfterProcessingInitializeOnLoad (2ms)
			EditorAssembliesLoaded (0ms)
		ExecutionOrderSort2 (0ms)
		AwakeInstancesAfterBackupRestoration (0ms)
========================================================================
Worker process is ready to serve import requests
Import Worker Mode flag is 0x00
Begin MonoManager ReloadAssembly
Symbol file LoadedFromMemory is not a mono symbol file
- Loaded All Assemblies, in  1.543 seconds
Script 'Grid' has the same name as built-in Unity component.
AddComponent and GetComponent will not work with this script.
Refreshing native plugins compatible for Editor in 8.05 ms, found 5 plugins.
Native extension for WindowsStandalone target not found
Mono: successfully reloaded assembly
- Finished resetting the current domain, in  0.972 seconds
Domain Reload Profiling: 2495ms
	BeginReloadAssembly (595ms)
		ExecutionOrderSort (0ms)
		DisableScriptedObjects (6ms)
		BackupInstance (0ms)
		ReleaseScriptingObjects (0ms)
		CreateAndSetChildDomain (31ms)
	RebuildCommonClasses (34ms)
	RebuildNativeTypeToScriptingClass (10ms)
	initialDomainReloadingComplete (53ms)
	LoadAllAssembliesAndSetupDomain (830ms)
		LoadAssemblies (688ms)
		RebuildTransferFunctionScriptingTraits (0ms)
		AnalyzeDomain (267ms)
			TypeCache.Refresh (200ms)
				TypeCache.ScanAssembly (183ms)
			BuildScriptInfoCaches (59ms)
			ResolveRequiredComponents (5ms)
	FinalizeReload (973ms)
		ReleaseScriptCaches (0ms)
		RebuildScriptCaches (0ms)
		SetupLoadedEditorAssemblies (773ms)
			LogAssemblyErrors (0ms)
			InitializePlatformSupportModulesInManaged (2ms)
			SetLoadedEditorAssemblies (4ms)
			BeforeProcessingInitializeOnLoad (121ms)
			ProcessInitializeOnLoadAttributes (368ms)
			ProcessInitializeOnLoadMethodAttributes (249ms)
			AfterProcessingInitializeOnLoad (29ms)
			EditorAssembliesLoaded (0ms)
		ExecutionOrderSort2 (0ms)
		AwakeInstancesAfterBackupRestoration (9ms)
Launched and connected shader compiler UnityShaderCompiler.exe after 0.02 seconds
Refreshing native plugins compatible for Editor in 5.98 ms, found 5 plugins.
Preloading 1 native plugins for Editor in 0.11 ms.
Unloading 25 Unused Serialized files (Serialized files now loaded: 0)
Unloading 5838 unused Assets / (1.5 MB). Loaded Objects now: 6427.
Memory consumption went from 143.6 MB to 142.2 MB.
Total: 8.120300 ms (FindLiveObjects: 0.611500 ms CreateObjectMapping: 0.268100 ms MarkObjects: 5.760300 ms  DeleteObjects: 1.479400 ms)

========================================================================
Received Import Request.
  Time since last request: 14536.346642 seconds.
  path: Assets/Scenes/VectorScene.unity
  artifactKey: Guid(9fc0d4010bbf28b4594072e72b8655ab) Importer(815301076,1909f56bfc062723c751e8b465ee728b)
Start importing Assets/Scenes/VectorScene.unity using Guid(9fc0d4010bbf28b4594072e72b8655ab) Importer(815301076,1909f56bfc062723c751e8b465ee728b) (PreviewImporter) -> (artifact id: '6210765f7099f92c5db57380cc221764') in 0.0075719 seconds
Number of updated asset objects reloaded before import = 0Number of asset objects unloaded after import = 0

========================================================================
Received Import Request.
  Time since last request: 233.673296 seconds.
  path: Assets/Scripts/Lab7/Basic Shooter Pack/Ch24_nonPBR.fbx
  artifactKey: Guid(6374c1d7b975c1e4193235b32a747e1d) Importer(815301076,1909f56bfc062723c751e8b465ee728b)
Start importing Assets/Scripts/Lab7/Basic Shooter Pack/Ch24_nonPBR.fbx using Guid(6374c1d7b975c1e4193235b32a747e1d) Importer(815301076,1909f56bfc062723c751e8b465ee728b) (PreviewImporter) -> (artifact id: '25b67aed0528ddb8260ce1f503aa8ed9') in 0.1512423 seconds
Number of updated asset objects reloaded before import = 0Number of asset objects unloaded after import = 142

========================================================================
Received Import Request.
  Time since last request: 39.364038 seconds.
  path: Assets/Scripts/Lab7/New Animator Controller.controller
  artifactKey: Guid(86db378a606c3144bae75bb429c7a60f) Importer(815301076,1909f56bfc062723c751e8b465ee728b)
Start importing Assets/Scripts/Lab7/New Animator Controller.controller using Guid(86db378a606c3144bae75bb429c7a60f) Importer(815301076,1909f56bfc062723c751e8b465ee728b) (PreviewImporter) -> (artifact id: '9a0aa945cf154f42df198e2108c6251c') in 0.0026663 seconds
Number of updated asset objects reloaded before import = 0Number of asset objects unloaded after import = 1

========================================================================
Received Import Request.
  Time since last request: 5.646968 seconds.
  path: Assets/Scripts/Lab7/CharacterAnimatorController.controller
  artifactKey: Guid(86db378a606c3144bae75bb429c7a60f) Importer(815301076,1909f56bfc062723c751e8b465ee728b)
Start importing Assets/Scripts/Lab7/CharacterAnimatorController.controller using Guid(86db378a606c3144bae75bb429c7a60f) Importer(815301076,1909f56bfc062723c751e8b465ee728b) (PreviewImporter) -> (artifact id: '81e60c8ac8136925674ec61d1f70fb01') in 0.0013518 seconds
Number of updated asset objects reloaded before import = 0Number of asset objects unloaded after import = 2

========================================================================
Received Import Request.
  Time since last request: 193.181967 seconds.
  path: Assets/Scripts/Lab7/CharacterMask.mask
  artifactKey: Guid(264e6451da563eb4db03cf1130fcddcb) Importer(815301076,1909f56bfc062723c751e8b465ee728b)
Start importing Assets/Scripts/Lab7/CharacterMask.mask using Guid(264e6451da563eb4db03cf1130fcddcb) Importer(815301076,1909f56bfc062723c751e8b465ee728b) (PreviewImporter) -> (artifact id: '251e274ab46991b3060ebde8f4d8dae3') in 0.0019404 seconds
Number of updated asset objects reloaded before import = 0Number of asset objects unloaded after import = 1

========================================================================
Received Import Request.
  Time since last request: 71.211479 seconds.
  path: Assets/Scripts/Lab7/CharacterMask.mask
  artifactKey: Guid(264e6451da563eb4db03cf1130fcddcb) Importer(815301076,1909f56bfc062723c751e8b465ee728b)
Start importing Assets/Scripts/Lab7/CharacterMask.mask using Guid(264e6451da563eb4db03cf1130fcddcb) Importer(815301076,1909f56bfc062723c751e8b465ee728b) (PreviewImporter) -> (artifact id: '4c55eca3e536f116203fb3288b3b6773') in 0.0015549 seconds
Number of updated asset objects reloaded before import = 0Number of asset objects unloaded after import = 1

========================================================================
Received Import Request.
  Time since last request: 1.530286 seconds.
  path: Assets/Scripts/Lab7/CharacterAnimatorController.controller
  artifactKey: Guid(86db378a606c3144bae75bb429c7a60f) Importer(815301076,1909f56bfc062723c751e8b465ee728b)
Start importing Assets/Scripts/Lab7/CharacterAnimatorController.controller using Guid(86db378a606c3144bae75bb429c7a60f) Importer(815301076,1909f56bfc062723c751e8b465ee728b) (PreviewImporter) -> (artifact id: 'c07df1ba25883c302926e47f7f02d682') in 0.0022039 seconds
Number of updated asset objects reloaded before import = 0Number of asset objects unloaded after import = 5

========================================================================
Received Prepare
Script 'Grid' has the same name as built-in Unity component.
AddComponent and GetComponent will not work with this script.
Refreshing native plugins compatible for Editor in 7.51 ms, found 5 plugins.
Preloading 1 native plugins for Editor in 0.12 ms.
Unloading 0 Unused Serialized files (Serialized files now loaded: 0)
Unloading 5818 unused Assets / (1.8 MB). Loaded Objects now: 6475.
Memory consumption went from 144.6 MB to 142.8 MB.
Total: 11.882600 ms (FindLiveObjects: 0.697500 ms CreateObjectMapping: 0.878300 ms MarkObjects: 8.295500 ms  DeleteObjects: 2.010400 ms)

Prepare: number of updated asset objects reloaded= 0
========================================================================
Received Prepare
Script 'Grid' has the same name as built-in Unity component.
AddComponent and GetComponent will not work with this script.
Refreshing native plugins compatible for Editor in 6.39 ms, found 5 plugins.
Preloading 1 native plugins for Editor in 0.14 ms.
Unloading 0 Unused Serialized files (Serialized files now loaded: 0)
Unloading 5818 unused Assets / (1.4 MB). Loaded Objects now: 6475.
Memory consumption went from 144.6 MB to 143.1 MB.
Total: 9.860800 ms (FindLiveObjects: 0.714600 ms CreateObjectMapping: 0.714100 ms MarkObjects: 7.128600 ms  DeleteObjects: 1.302600 ms)

Prepare: number of updated asset objects reloaded= 0
========================================================================
Received Import Request.
  Time since last request: 80.808816 seconds.
  path: Assets/DefaultNetworkPrefabs.asset
  artifactKey: Guid(6655502144149e8448236cfbc675b25e) Importer(815301076,1909f56bfc062723c751e8b465ee728b)
Start importing Assets/DefaultNetworkPrefabs.asset using Guid(6655502144149e8448236cfbc675b25e) Importer(815301076,1909f56bfc062723c751e8b465ee728b) (PreviewImporter) -> (artifact id: '7a4656a947f3febf3664dfdfdd992edb') in 0.0035917 seconds
Number of updated asset objects reloaded before import = 0Number of asset objects unloaded after import = 1

========================================================================
Received Import Request.
  Time since last request: 2.166063 seconds.
  path: Assets/AnimationEventHandler.cs
  artifactKey: Guid(30fe557dd47c35d46a352228e67719aa) Importer(815301076,1909f56bfc062723c751e8b465ee728b)
Start importing Assets/AnimationEventHandler.cs using Guid(30fe557dd47c35d46a352228e67719aa) Importer(815301076,1909f56bfc062723c751e8b465ee728b) (PreviewImporter) -> (artifact id: '47d12253461e9fcd87b296ed78789be9') in 0.0006256 seconds
Number of updated asset objects reloaded before import = 0Number of asset objects unloaded after import = 0

========================================================================
Received Prepare
Begin MonoManager ReloadAssembly
Symbol file LoadedFromMemory is not a mono symbol file
Path could not be found for script compilation file '/Assets/AnimationEventHandler.cs'
- Loaded All Assemblies, in  1.410 seconds
Script 'Grid' has the same name as built-in Unity component.
AddComponent and GetComponent will not work with this script.
Refreshing native plugins compatible for Editor in 6.87 ms, found 5 plugins.
Native extension for WindowsStandalone target not found
Mono: successfully reloaded assembly
- Finished resetting the current domain, in  1.228 seconds
Domain Reload Profiling: 2615ms
	BeginReloadAssembly (408ms)
		ExecutionOrderSort (0ms)
		DisableScriptedObjects (19ms)
		BackupInstance (0ms)
		ReleaseScriptingObjects (0ms)
		CreateAndSetChildDomain (80ms)
	RebuildCommonClasses (39ms)
	RebuildNativeTypeToScriptingClass (12ms)
	initialDomainReloadingComplete (55ms)
	LoadAllAssembliesAndSetupDomain (873ms)
		LoadAssemblies (782ms)
		RebuildTransferFunctionScriptingTraits (0ms)
		AnalyzeDomain (256ms)
			TypeCache.Refresh (13ms)
				TypeCache.ScanAssembly (1ms)
			BuildScriptInfoCaches (235ms)
			ResolveRequiredComponents (5ms)
	FinalizeReload (1228ms)
		ReleaseScriptCaches (0ms)
		RebuildScriptCaches (0ms)
		SetupLoadedEditorAssemblies (991ms)
			LogAssemblyErrors (0ms)
			InitializePlatformSupportModulesInManaged (3ms)
			SetLoadedEditorAssemblies (5ms)
			BeforeProcessingInitializeOnLoad (181ms)
			ProcessInitializeOnLoadAttributes (486ms)
			ProcessInitializeOnLoadMethodAttributes (285ms)
			AfterProcessingInitializeOnLoad (31ms)
			EditorAssembliesLoaded (0ms)
		ExecutionOrderSort2 (0ms)
		AwakeInstancesAfterBackupRestoration (9ms)
Refreshing native plugins compatible for Editor in 7.11 ms, found 5 plugins.
Preloading 1 native plugins for Editor in 0.13 ms.
Unloading 1 Unused Serialized files (Serialized files now loaded: 0)
Unloading 5837 unused Assets / (1.6 MB). Loaded Objects now: 6478.
Memory consumption went from 146.3 MB to 144.7 MB.
Total: 9.927500 ms (FindLiveObjects: 0.639600 ms CreateObjectMapping: 0.413000 ms MarkObjects: 6.703100 ms  DeleteObjects: 2.170100 ms)

Prepare: number of updated asset objects reloaded= 0
========================================================================
Received Import Request.
  Time since last request: 5.657530 seconds.
  path: Assets/Scripts/Lab7/AnimationEventHandler.cs
  artifactKey: Guid(30fe557dd47c35d46a352228e67719aa) Importer(815301076,1909f56bfc062723c751e8b465ee728b)
Start importing Assets/Scripts/Lab7/AnimationEventHandler.cs using Guid(30fe557dd47c35d46a352228e67719aa) Importer(815301076,1909f56bfc062723c751e8b465ee728b) (PreviewImporter) -> (artifact id: '47d12253461e9fcd87b296ed78789be9') in 0.0035376 seconds
Number of updated asset objects reloaded before import = 0Number of asset objects unloaded after import = 0

========================================================================
Received Prepare
Begin MonoManager ReloadAssembly
Symbol file LoadedFromMemory is not a mono symbol file
- Loaded All Assemblies, in  1.085 seconds
Script 'Grid' has the same name as built-in Unity component.
AddComponent and GetComponent will not work with this script.
Refreshing native plugins compatible for Editor in 6.04 ms, found 5 plugins.
Native extension for WindowsStandalone target not found
Mono: successfully reloaded assembly
- Finished resetting the current domain, in  1.479 seconds
Domain Reload Profiling: 2542ms
	BeginReloadAssembly (276ms)
		ExecutionOrderSort (0ms)
		DisableScriptedObjects (12ms)
		BackupInstance (0ms)
		ReleaseScriptingObjects (0ms)
		CreateAndSetChildDomain (66ms)
	RebuildCommonClasses (38ms)
	RebuildNativeTypeToScriptingClass (11ms)
	initialDomainReloadingComplete (50ms)
	LoadAllAssembliesAndSetupDomain (687ms)
		LoadAssemblies (620ms)
		RebuildTransferFunctionScriptingTraits (0ms)
		AnalyzeDomain (207ms)
			TypeCache.Refresh (9ms)
				TypeCache.ScanAssembly (0ms)
			BuildScriptInfoCaches (189ms)
			ResolveRequiredComponents (5ms)
	FinalizeReload (1479ms)
		ReleaseScriptCaches (0ms)
		RebuildScriptCaches (0ms)
		SetupLoadedEditorAssemblies (1227ms)
			LogAssemblyErrors (0ms)
			InitializePlatformSupportModulesInManaged (3ms)
			SetLoadedEditorAssemblies (8ms)
			BeforeProcessingInitializeOnLoad (176ms)
			ProcessInitializeOnLoadAttributes (678ms)
			ProcessInitializeOnLoadMethodAttributes (338ms)
			AfterProcessingInitializeOnLoad (24ms)
			EditorAssembliesLoaded (1ms)
		ExecutionOrderSort2 (0ms)
		AwakeInstancesAfterBackupRestoration (10ms)
Refreshing native plugins compatible for Editor in 9.95 ms, found 5 plugins.
Preloading 1 native plugins for Editor in 0.22 ms.
Unloading 1 Unused Serialized files (Serialized files now loaded: 0)
Unloading 5837 unused Assets / (1.9 MB). Loaded Objects now: 6481.
Memory consumption went from 146.3 MB to 144.5 MB.
Total: 13.327400 ms (FindLiveObjects: 0.915300 ms CreateObjectMapping: 1.030800 ms MarkObjects: 9.276800 ms  DeleteObjects: 2.102600 ms)

Prepare: number of updated asset objects reloaded= 0
========================================================================
Received Import Request.
  Time since last request: 6.879746 seconds.
  path: Assets/Scripts/Lab7/AnimationEventHandler.cs
  artifactKey: Guid(30fe557dd47c35d46a352228e67719aa) Importer(815301076,1909f56bfc062723c751e8b465ee728b)
Start importing Assets/Scripts/Lab7/AnimationEventHandler.cs using Guid(30fe557dd47c35d46a352228e67719aa) Importer(815301076,1909f56bfc062723c751e8b465ee728b) (PreviewImporter) -> (artifact id: 'f2a933a320582b0d1ba807f90ae568f7') in 0.0036473 seconds
Number of updated asset objects reloaded before import = 0Number of asset objects unloaded after import = 0

========================================================================
Received Prepare
Begin MonoManager ReloadAssembly
Symbol file LoadedFromMemory is not a mono symbol file
- Loaded All Assemblies, in  1.222 seconds
Script 'Grid' has the same name as built-in Unity component.
AddComponent and GetComponent will not work with this script.
Refreshing native plugins compatible for Editor in 6.41 ms, found 5 plugins.
Native extension for WindowsStandalone target not found
Mono: successfully reloaded assembly
- Finished resetting the current domain, in  1.033 seconds
Domain Reload Profiling: 2224ms
	BeginReloadAssembly (285ms)
		ExecutionOrderSort (0ms)
		DisableScriptedObjects (12ms)
		BackupInstance (0ms)
		ReleaseScriptingObjects (0ms)
		CreateAndSetChildDomain (67ms)
	RebuildCommonClasses (57ms)
	RebuildNativeTypeToScriptingClass (17ms)
	initialDomainReloadingComplete (70ms)
	LoadAllAssembliesAndSetupDomain (762ms)
		LoadAssemblies (685ms)
		RebuildTransferFunctionScriptingTraits (0ms)
		AnalyzeDomain (227ms)
			TypeCache.Refresh (9ms)
				TypeCache.ScanAssembly (1ms)
			BuildScriptInfoCaches (210ms)
			ResolveRequiredComponents (5ms)
	FinalizeReload (1033ms)
		ReleaseScriptCaches (0ms)
		RebuildScriptCaches (0ms)
		SetupLoadedEditorAssemblies (812ms)
			LogAssemblyErrors (0ms)
			InitializePlatformSupportModulesInManaged (2ms)
			SetLoadedEditorAssemblies (5ms)
			BeforeProcessingInitializeOnLoad (166ms)
			ProcessInitializeOnLoadAttributes (378ms)
			ProcessInitializeOnLoadMethodAttributes (238ms)
			AfterProcessingInitializeOnLoad (22ms)
			EditorAssembliesLoaded (0ms)
		ExecutionOrderSort2 (0ms)
		AwakeInstancesAfterBackupRestoration (10ms)
Refreshing native plugins compatible for Editor in 5.96 ms, found 5 plugins.
Preloading 1 native plugins for Editor in 0.15 ms.
Unloading 1 Unused Serialized files (Serialized files now loaded: 0)
Unloading 5837 unused Assets / (1.4 MB). Loaded Objects now: 6484.
Memory consumption went from 146.3 MB to 144.9 MB.
Total: 9.274100 ms (FindLiveObjects: 0.601600 ms CreateObjectMapping: 0.640000 ms MarkObjects: 6.685100 ms  DeleteObjects: 1.346600 ms)

Prepare: number of updated asset objects reloaded= 0
========================================================================
Received Import Request.
  Time since last request: 30.831880 seconds.
  path: Assets/Scripts/Lab7/AnimationEventHandler.cs
  artifactKey: Guid(30fe557dd47c35d46a352228e67719aa) Importer(815301076,1909f56bfc062723c751e8b465ee728b)
Start importing Assets/Scripts/Lab7/AnimationEventHandler.cs using Guid(30fe557dd47c35d46a352228e67719aa) Importer(815301076,1909f56bfc062723c751e8b465ee728b) (PreviewImporter) -> (artifact id: '8196eb29562b1b764a07f478a62935c8') in 0.0026591 seconds
Number of updated asset objects reloaded before import = 0Number of asset objects unloaded after import = 0

========================================================================
Received Import Request.
  Time since last request: 58.189405 seconds.
  path: Assets/Scripts/Lab7/CharacterAnimatorController.controller
  artifactKey: Guid(86db378a606c3144bae75bb429c7a60f) Importer(815301076,1909f56bfc062723c751e8b465ee728b)
Start importing Assets/Scripts/Lab7/CharacterAnimatorController.controller using Guid(86db378a606c3144bae75bb429c7a60f) Importer(815301076,1909f56bfc062723c751e8b465ee728b) (PreviewImporter) -> (artifact id: '2b11661fd2ec4c6a77b6297c4996fdf2') in 0.0162052 seconds
Number of updated asset objects reloaded before import = 0Number of asset objects unloaded after import = 6

========================================================================
Received Import Request.
  Time since last request: 46.629867 seconds.
  path: Assets/Scripts/Lab7/CharacterMask 1.mask
  artifactKey: Guid(4da07fef74e42f043a6796a903afed65) Importer(815301076,1909f56bfc062723c751e8b465ee728b)
Start importing Assets/Scripts/Lab7/CharacterMask 1.mask using Guid(4da07fef74e42f043a6796a903afed65) Importer(815301076,1909f56bfc062723c751e8b465ee728b) (PreviewImporter) -> (artifact id: '0b7d92146dc2e3430177a7168f029ff5') in 0.002621 seconds
Number of updated asset objects reloaded before import = 0Number of asset objects unloaded after import = 1

========================================================================
Received Import Request.
  Time since last request: 17.246337 seconds.
  path: Assets/Scripts/Lab7/CharacterAnimatorController.controller
  artifactKey: Guid(86db378a606c3144bae75bb429c7a60f) Importer(815301076,1909f56bfc062723c751e8b465ee728b)
Start importing Assets/Scripts/Lab7/CharacterAnimatorController.controller using Guid(86db378a606c3144bae75bb429c7a60f) Importer(815301076,1909f56bfc062723c751e8b465ee728b) (PreviewImporter) -> (artifact id: 'bba2c02c7dde9f8654f38f84f55f8e84') in 0.0029932 seconds
Number of updated asset objects reloaded before import = 0Number of asset objects unloaded after import = 8

========================================================================
Received Import Request.
  Time since last request: 16.995513 seconds.
  path: Assets/Scripts/Lab7/CharacterMask 1.mask
  artifactKey: Guid(4da07fef74e42f043a6796a903afed65) Importer(815301076,1909f56bfc062723c751e8b465ee728b)
Start importing Assets/Scripts/Lab7/CharacterMask 1.mask using Guid(4da07fef74e42f043a6796a903afed65) Importer(815301076,1909f56bfc062723c751e8b465ee728b) (PreviewImporter) -> (artifact id: '03f2d2963ecce8173369a20682486af8') in 0.0013082 seconds
Number of updated asset objects reloaded before import = 0Number of asset objects unloaded after import = 1

========================================================================
Received Prepare
Begin MonoManager ReloadAssembly
Symbol file LoadedFromMemory is not a mono symbol file
- Loaded All Assemblies, in  1.294 seconds
Script 'Grid' has the same name as built-in Unity component.
AddComponent and GetComponent will not work with this script.
Refreshing native plugins compatible for Editor in 7.75 ms, found 5 plugins.
Native extension for WindowsStandalone target not found
Mono: successfully reloaded assembly
- Finished resetting the current domain, in  1.236 seconds
Domain Reload Profiling: 2507ms
	BeginReloadAssembly (276ms)
		ExecutionOrderSort (0ms)
		DisableScriptedObjects (12ms)
		BackupInstance (0ms)
		ReleaseScriptingObjects (0ms)
		CreateAndSetChildDomain (65ms)
	RebuildCommonClasses (40ms)
	RebuildNativeTypeToScriptingClass (22ms)
	initialDomainReloadingComplete (59ms)
	LoadAllAssembliesAndSetupDomain (874ms)
		LoadAssemblies (763ms)
		RebuildTransferFunctionScriptingTraits (0ms)
		AnalyzeDomain (254ms)
			TypeCache.Refresh (7ms)
				TypeCache.ScanAssembly (0ms)
			BuildScriptInfoCaches (237ms)
			ResolveRequiredComponents (6ms)
	FinalizeReload (1237ms)
		ReleaseScriptCaches (0ms)
		RebuildScriptCaches (0ms)
		SetupLoadedEditorAssemblies (985ms)
			LogAssemblyErrors (0ms)
			InitializePlatformSupportModulesInManaged (3ms)
			SetLoadedEditorAssemblies (6ms)
			BeforeProcessingInitializeOnLoad (184ms)
			ProcessInitializeOnLoadAttributes (466ms)
			ProcessInitializeOnLoadMethodAttributes (299ms)
			AfterProcessingInitializeOnLoad (28ms)
			EditorAssembliesLoaded (0ms)
		ExecutionOrderSort2 (0ms)
		AwakeInstancesAfterBackupRestoration (11ms)
Refreshing native plugins compatible for Editor in 6.81 ms, found 5 plugins.
Preloading 1 native plugins for Editor in 0.14 ms.
Unloading 1 Unused Serialized files (Serialized files now loaded: 0)
Unloading 5837 unused Assets / (1.8 MB). Loaded Objects now: 6487.
Memory consumption went from 146.3 MB to 144.5 MB.
Total: 11.680100 ms (FindLiveObjects: 0.769500 ms CreateObjectMapping: 0.925700 ms MarkObjects: 7.707200 ms  DeleteObjects: 2.276800 ms)

Prepare: number of updated asset objects reloaded= 0
========================================================================
Received Prepare
Begin MonoManager ReloadAssembly
Symbol file LoadedFromMemory is not a mono symbol file
- Loaded All Assemblies, in  1.289 seconds
Script 'Grid' has the same name as built-in Unity component.
AddComponent and GetComponent will not work with this script.
Refreshing native plugins compatible for Editor in 8.22 ms, found 5 plugins.
Native extension for WindowsStandalone target not found
Mono: successfully reloaded assembly
- Finished resetting the current domain, in  1.179 seconds
Domain Reload Profiling: 2450ms
	BeginReloadAssembly (298ms)
		ExecutionOrderSort (0ms)
		DisableScriptedObjects (13ms)
		BackupInstance (0ms)
		ReleaseScriptingObjects (0ms)
		CreateAndSetChildDomain (60ms)
	RebuildCommonClasses (41ms)
	RebuildNativeTypeToScriptingClass (18ms)
	initialDomainReloadingComplete (50ms)
	LoadAllAssembliesAndSetupDomain (863ms)
		LoadAssemblies (771ms)
		RebuildTransferFunctionScriptingTraits (0ms)
		AnalyzeDomain (256ms)
			TypeCache.Refresh (7ms)
				TypeCache.ScanAssembly (0ms)
			BuildScriptInfoCaches (240ms)
			ResolveRequiredComponents (6ms)
	FinalizeReload (1180ms)
		ReleaseScriptCaches (0ms)
		RebuildScriptCaches (0ms)
		SetupLoadedEditorAssemblies (949ms)
			LogAssemblyErrors (0ms)
			InitializePlatformSupportModulesInManaged (2ms)
			SetLoadedEditorAssemblies (5ms)
			BeforeProcessingInitializeOnLoad (181ms)
			ProcessInitializeOnLoadAttributes (468ms)
			ProcessInitializeOnLoadMethodAttributes (260ms)
			AfterProcessingInitializeOnLoad (32ms)
			EditorAssembliesLoaded (1ms)
		ExecutionOrderSort2 (0ms)
		AwakeInstancesAfterBackupRestoration (9ms)
Refreshing native plugins compatible for Editor in 6.30 ms, found 5 plugins.
Preloading 1 native plugins for Editor in 0.11 ms.
Unloading 1 Unused Serialized files (Serialized files now loaded: 0)
Unloading 5837 unused Assets / (1.8 MB). Loaded Objects now: 6490.
Memory consumption went from 146.3 MB to 144.5 MB.
Total: 12.747300 ms (FindLiveObjects: 0.649600 ms CreateObjectMapping: 0.780500 ms MarkObjects: 8.854900 ms  DeleteObjects: 2.461000 ms)

Prepare: number of updated asset objects reloaded= 0
========================================================================
Received Prepare
Begin MonoManager ReloadAssembly
Symbol file LoadedFromMemory is not a mono symbol file
- Loaded All Assemblies, in  1.249 seconds
Script 'Grid' has the same name as built-in Unity component.
AddComponent and GetComponent will not work with this script.
Refreshing native plugins compatible for Editor in 6.60 ms, found 5 plugins.
Native extension for WindowsStandalone target not found
Mono: successfully reloaded assembly
- Finished resetting the current domain, in  1.148 seconds
Domain Reload Profiling: 2375ms
	BeginReloadAssembly (282ms)
		ExecutionOrderSort (0ms)
		DisableScriptedObjects (13ms)
		BackupInstance (0ms)
		ReleaseScriptingObjects (0ms)
		CreateAndSetChildDomain (65ms)
	RebuildCommonClasses (35ms)
	RebuildNativeTypeToScriptingClass (11ms)
	initialDomainReloadingComplete (49ms)
	LoadAllAssembliesAndSetupDomain (851ms)
		LoadAssemblies (741ms)
		RebuildTransferFunctionScriptingTraits (0ms)
		AnalyzeDomain (250ms)
			TypeCache.Refresh (7ms)
				TypeCache.ScanAssembly (0ms)
			BuildScriptInfoCaches (234ms)
			ResolveRequiredComponents (5ms)
	FinalizeReload (1148ms)
		ReleaseScriptCaches (0ms)
		RebuildScriptCaches (0ms)
		SetupLoadedEditorAssemblies (922ms)
			LogAssemblyErrors (0ms)
			InitializePlatformSupportModulesInManaged (3ms)
			SetLoadedEditorAssemblies (7ms)
			BeforeProcessingInitializeOnLoad (182ms)
			ProcessInitializeOnLoadAttributes (463ms)
			ProcessInitializeOnLoadMethodAttributes (243ms)
			AfterProcessingInitializeOnLoad (23ms)
			EditorAssembliesLoaded (0ms)
		ExecutionOrderSort2 (0ms)
		AwakeInstancesAfterBackupRestoration (11ms)
Refreshing native plugins compatible for Editor in 7.72 ms, found 5 plugins.
Preloading 1 native plugins for Editor in 0.15 ms.
Unloading 1 Unused Serialized files (Serialized files now loaded: 0)
Unloading 5837 unused Assets / (1.7 MB). Loaded Objects now: 6493.
Memory consumption went from 146.3 MB to 144.6 MB.
Total: 11.433200 ms (FindLiveObjects: 0.830900 ms CreateObjectMapping: 1.079400 ms MarkObjects: 7.753900 ms  DeleteObjects: 1.768100 ms)

Prepare: number of updated asset objects reloaded= 0
========================================================================
Received Prepare
Begin MonoManager ReloadAssembly
Symbol file LoadedFromMemory is not a mono symbol file
- Loaded All Assemblies, in  1.241 seconds
Script 'Grid' has the same name as built-in Unity component.
AddComponent and GetComponent will not work with this script.
Refreshing native plugins compatible for Editor in 6.91 ms, found 5 plugins.
Native extension for WindowsStandalone target not found
Mono: successfully reloaded assembly
- Finished resetting the current domain, in  1.073 seconds
Domain Reload Profiling: 2293ms
	BeginReloadAssembly (273ms)
		ExecutionOrderSort (0ms)
		DisableScriptedObjects (12ms)
		BackupInstance (0ms)
		ReleaseScriptingObjects (0ms)
		CreateAndSetChildDomain (62ms)
	RebuildCommonClasses (35ms)
	RebuildNativeTypeToScriptingClass (12ms)
	initialDomainReloadingComplete (48ms)
	LoadAllAssembliesAndSetupDomain (852ms)
		LoadAssemblies (738ms)
		RebuildTransferFunctionScriptingTraits (0ms)
		AnalyzeDomain (253ms)
			TypeCache.Refresh (7ms)
				TypeCache.ScanAssembly (0ms)
			BuildScriptInfoCaches (236ms)
			ResolveRequiredComponents (6ms)
	FinalizeReload (1073ms)
		ReleaseScriptCaches (0ms)
		RebuildScriptCaches (0ms)
		SetupLoadedEditorAssemblies (869ms)
			LogAssemblyErrors (0ms)
			InitializePlatformSupportModulesInManaged (2ms)
			SetLoadedEditorAssemblies (5ms)
			BeforeProcessingInitializeOnLoad (158ms)
			ProcessInitializeOnLoadAttributes (429ms)
			ProcessInitializeOnLoadMethodAttributes (253ms)
			AfterProcessingInitializeOnLoad (22ms)
			EditorAssembliesLoaded (0ms)
		ExecutionOrderSort2 (0ms)
		AwakeInstancesAfterBackupRestoration (8ms)
Refreshing native plugins compatible for Editor in 7.37 ms, found 5 plugins.
Preloading 1 native plugins for Editor in 0.13 ms.
Unloading 1 Unused Serialized files (Serialized files now loaded: 0)
Unloading 5837 unused Assets / (1.7 MB). Loaded Objects now: 6496.
Memory consumption went from 146.3 MB to 144.7 MB.
Total: 10.939800 ms (FindLiveObjects: 0.688800 ms CreateObjectMapping: 0.680300 ms MarkObjects: 7.325700 ms  DeleteObjects: 2.244100 ms)

Prepare: number of updated asset objects reloaded= 0
========================================================================
Received Prepare
Begin MonoManager ReloadAssembly
Symbol file LoadedFromMemory is not a mono symbol file
- Loaded All Assemblies, in  1.245 seconds
Script 'Grid' has the same name as built-in Unity component.
AddComponent and GetComponent will not work with this script.
Refreshing native plugins compatible for Editor in 8.19 ms, found 5 plugins.
Native extension for WindowsStandalone target not found
Mono: successfully reloaded assembly
- Finished resetting the current domain, in  1.211 seconds
Domain Reload Profiling: 2434ms
	BeginReloadAssembly (282ms)
		ExecutionOrderSort (0ms)
		DisableScriptedObjects (12ms)
		BackupInstance (0ms)
		ReleaseScriptingObjects (0ms)
		CreateAndSetChildDomain (63ms)
	RebuildCommonClasses (34ms)
	RebuildNativeTypeToScriptingClass (11ms)
	initialDomainReloadingComplete (50ms)
	LoadAllAssembliesAndSetupDomain (845ms)
		LoadAssemblies (731ms)
		RebuildTransferFunctionScriptingTraits (0ms)
		AnalyzeDomain (256ms)
			TypeCache.Refresh (7ms)
				TypeCache.ScanAssembly (0ms)
			BuildScriptInfoCaches (239ms)
			ResolveRequiredComponents (6ms)
	FinalizeReload (1212ms)
		ReleaseScriptCaches (0ms)
		RebuildScriptCaches (0ms)
		SetupLoadedEditorAssemblies (961ms)
			LogAssemblyErrors (0ms)
			InitializePlatformSupportModulesInManaged (2ms)
			SetLoadedEditorAssemblies (5ms)
			BeforeProcessingInitializeOnLoad (182ms)
			ProcessInitializeOnLoadAttributes (456ms)
			ProcessInitializeOnLoadMethodAttributes (288ms)
			AfterProcessingInitializeOnLoad (27ms)
			EditorAssembliesLoaded (0ms)
		ExecutionOrderSort2 (0ms)
		AwakeInstancesAfterBackupRestoration (10ms)
Refreshing native plugins compatible for Editor in 7.24 ms, found 5 plugins.
Preloading 1 native plugins for Editor in 0.12 ms.
Unloading 1 Unused Serialized files (Serialized files now loaded: 0)
Unloading 5837 unused Assets / (1.8 MB). Loaded Objects now: 6499.
Memory consumption went from 146.3 MB to 144.6 MB.
Total: 12.238400 ms (FindLiveObjects: 0.650100 ms CreateObjectMapping: 1.526000 ms MarkObjects: 8.044100 ms  DeleteObjects: 2.016900 ms)

Prepare: number of updated asset objects reloaded= 0
========================================================================
Received Import Request.
  Time since last request: 106.092430 seconds.
  path: Assets/DefaultNetworkPrefabs.asset
  artifactKey: Guid(6655502144149e8448236cfbc675b25e) Importer(2089858483,192608db42251d675da83286b1cce702)
Start importing Assets/DefaultNetworkPrefabs.asset using Guid(6655502144149e8448236cfbc675b25e) Importer(2089858483,192608db42251d675da83286b1cce702) (ScriptedImporter) -> (artifact id: '8ef3413b70133854e58b8cfaf7dc5620') in 0.1161253 seconds
Number of updated asset objects reloaded before import = 0Number of asset objects unloaded after import = 1

========================================================================
Received Import Request.
  Time since last request: 0.000025 seconds.
  path: Assets/Scripts/Lab4/PathFinding.txt
  artifactKey: Guid(7237472b80f756442927780f4958ea57) Importer(2089858483,192608db42251d675da83286b1cce702)
Start importing Assets/Scripts/Lab4/PathFinding.txt using Guid(7237472b80f756442927780f4958ea57) Importer(2089858483,192608db42251d675da83286b1cce702) (ScriptedImporter) -> (artifact id: '96b6425ed55a66329a2c010eb6fe6b3b') in 0.0254572 seconds
Number of updated asset objects reloaded before import = 0Number of asset objects unloaded after import = 1

========================================================================
Received Import Request.
  Time since last request: 0.000023 seconds.
  path: Assets/Scripts/ChangeColor.cs
  artifactKey: Guid(8b3e0fe5f6f885c41a7bf71efe610588) Importer(2089858483,192608db42251d675da83286b1cce702)
Start importing Assets/Scripts/ChangeColor.cs using Guid(8b3e0fe5f6f885c41a7bf71efe610588) Importer(2089858483,192608db42251d675da83286b1cce702) (ScriptedImporter) -> (artifact id: 'b717f8547c54620b6f0b0bf72d980631') in 0.0208655 seconds
Number of updated asset objects reloaded before import = 0Number of asset objects unloaded after import = 0

========================================================================
Received Import Request.
  Time since last request: 0.000143 seconds.
  path: Assets/Scripts/Lab7/Basic Shooter Pack/rifle run.fbx
  artifactKey: Guid(0d0d1f3159f2ab44b9b22e6280f1b643) Importer(2089858483,192608db42251d675da83286b1cce702)
Start importing Assets/Scripts/Lab7/Basic Shooter Pack/rifle run.fbx using Guid(0d0d1f3159f2ab44b9b22e6280f1b643) Importer(2089858483,192608db42251d675da83286b1cce702) (ScriptedImporter) -> (artifact id: 'f4e8668a829db9abc2513d581638fbea') in 0.0466733 seconds
Number of updated asset objects reloaded before import = 0Number of asset objects unloaded after import = 135

========================================================================
Received Import Request.
  Time since last request: 0.000016 seconds.
  path: Assets/Scripts/Lab4/Node.txt
  artifactKey: Guid(bc3863c24f564b0498ba742bb03359bd) Importer(2089858483,192608db42251d675da83286b1cce702)
Start importing Assets/Scripts/Lab4/Node.txt using Guid(bc3863c24f564b0498ba742bb03359bd) Importer(2089858483,192608db42251d675da83286b1cce702) (ScriptedImporter) -> (artifact id: '8477e530f97b91cbf0ccfc4007db9149') in 0.0169958 seconds
Number of updated asset objects reloaded before import = 0Number of asset objects unloaded after import = 1

========================================================================
Received Import Request.
  Time since last request: 0.000018 seconds.
  path: Assets/Scripts/Lab7/Basic Shooter Pack/walking.fbx
  artifactKey: Guid(5e9b1eb5f91612548a75d439c36a36c0) Importer(2089858483,192608db42251d675da83286b1cce702)
Start importing Assets/Scripts/Lab7/Basic Shooter Pack/walking.fbx using Guid(5e9b1eb5f91612548a75d439c36a36c0) Importer(2089858483,192608db42251d675da83286b1cce702) (ScriptedImporter) -> (artifact id: '0a7fbd64359ade56059de770de7edc35') in 0.0165284 seconds
Number of updated asset objects reloaded before import = 0Number of asset objects unloaded after import = 135

========================================================================
Received Import Request.
  Time since last request: 0.000015 seconds.
  path: Assets/Scripts/Lab3/BetterFSM.cs
  artifactKey: Guid(dc743e3d91c260c4f8ee58a801cd4e6e) Importer(2089858483,192608db42251d675da83286b1cce702)
Start importing Assets/Scripts/Lab3/BetterFSM.cs using Guid(dc743e3d91c260c4f8ee58a801cd4e6e) Importer(2089858483,192608db42251d675da83286b1cce702) (ScriptedImporter) -> (artifact id: '63852a1699e6a94c182b9879095f224b') in 0.0105385 seconds
Number of updated asset objects reloaded before import = 0Number of asset objects unloaded after import = 0

========================================================================
Received Import Request.
  Time since last request: 0.000045 seconds.
  path: Assets/Scripts/Lab6/Behavior Graph.asset
  artifactKey: Guid(25b37791b9e2e25468689232f2fd7a16) Importer(2089858483,192608db42251d675da83286b1cce702)
Start importing Assets/Scripts/Lab6/Behavior Graph.asset using Guid(25b37791b9e2e25468689232f2fd7a16) Importer(2089858483,192608db42251d675da83286b1cce702) (ScriptedImporter) -> (artifact id: '5f51c062240ca82b699c163b88bac8e6') in 0.1383543 seconds
Number of updated asset objects reloaded before import = 0Number of asset objects unloaded after import = 5

========================================================================
Received Import Request.
  Time since last request: 0.000026 seconds.
  path: Assets/Scripts/Lab 2/Lab2-FSM-Table - Alberto MJ.xlsx
  artifactKey: Guid(ffea250b7314e3c4db43e099b2c17552) Importer(2089858483,192608db42251d675da83286b1cce702)
Start importing Assets/Scripts/Lab 2/Lab2-FSM-Table - Alberto MJ.xlsx using Guid(ffea250b7314e3c4db43e099b2c17552) Importer(2089858483,192608db42251d675da83286b1cce702) (ScriptedImporter) -> (artifact id: '799c713e47cb114bb4f6a2ad9885652a') in 0.0140808 seconds
Number of updated asset objects reloaded before import = 0Number of asset objects unloaded after import = 1

========================================================================
Received Import Request.
  Time since last request: 0.000024 seconds.
  path: Assets/Scripts/Lab7/Basic Shooter Pack/hit reaction.fbx
  artifactKey: Guid(47503413f3602c449b5d8a42ba684413) Importer(2089858483,192608db42251d675da83286b1cce702)
Start importing Assets/Scripts/Lab7/Basic Shooter Pack/hit reaction.fbx using Guid(47503413f3602c449b5d8a42ba684413) Importer(2089858483,192608db42251d675da83286b1cce702) (ScriptedImporter) -> (artifact id: '866ecfc74856a763736a693475131cb7') in 0.0237778 seconds
Number of updated asset objects reloaded before import = 0Number of asset objects unloaded after import = 135

========================================================================
Received Import Request.
  Time since last request: 0.000017 seconds.
  path: Assets/Scripts/Lab7/Basic Shooter Pack/strafe right.fbx
  artifactKey: Guid(587d6869fde933f4bbcbc70c6ee9b42e) Importer(2089858483,192608db42251d675da83286b1cce702)
Start importing Assets/Scripts/Lab7/Basic Shooter Pack/strafe right.fbx using Guid(587d6869fde933f4bbcbc70c6ee9b42e) Importer(2089858483,192608db42251d675da83286b1cce702) (ScriptedImporter) -> (artifact id: '8888b79be39a8752c26b64e688ece280') in 0.0195074 seconds
Number of updated asset objects reloaded before import = 0Number of asset objects unloaded after import = 135

========================================================================
Received Import Request.
  Time since last request: 0.000016 seconds.
  path: Assets/Scripts/Lab6/CheckHealthThresholdCondition.cs
  artifactKey: Guid(53d9682f39adeac45bd335e79dceb139) Importer(2089858483,192608db42251d675da83286b1cce702)
Start importing Assets/Scripts/Lab6/CheckHealthThresholdCondition.cs using Guid(53d9682f39adeac45bd335e79dceb139) Importer(2089858483,192608db42251d675da83286b1cce702) (ScriptedImporter) -> (artifact id: '57098b579720feabba7a5c394c95d9c4') in 0.013622 seconds
Number of updated asset objects reloaded before import = 0Number of asset objects unloaded after import = 0

========================================================================
Received Import Request.
  Time since last request: 0.000055 seconds.
  path: Assets/Scripts/Lab 2/PatrolState.cs
  artifactKey: Guid(6e7262dac2578fa4e824b2440dcfc1d9) Importer(2089858483,192608db42251d675da83286b1cce702)
Start importing Assets/Scripts/Lab 2/PatrolState.cs using Guid(6e7262dac2578fa4e824b2440dcfc1d9) Importer(2089858483,192608db42251d675da83286b1cce702) (ScriptedImporter) -> (artifact id: 'f4f03dea860c0473dee5aa23df68f99b') in 0.0124447 seconds
Number of updated asset objects reloaded before import = 0Number of asset objects unloaded after import = 0

========================================================================
Received Import Request.
  Time since last request: 0.000044 seconds.
  path: Assets/Scripts/Lab7/Basic Shooter Pack/strafe.fbx
  artifactKey: Guid(dc57b1a33fe280a4fa3146bfb24c25dc) Importer(2089858483,192608db42251d675da83286b1cce702)
Start importing Assets/Scripts/Lab7/Basic Shooter Pack/strafe.fbx using Guid(dc57b1a33fe280a4fa3146bfb24c25dc) Importer(2089858483,192608db42251d675da83286b1cce702) (ScriptedImporter) -> (artifact id: '9fc6218e3babd721e240b8b5763e5ec5') in 0.023557 seconds
Number of updated asset objects reloaded before import = 0Number of asset objects unloaded after import = 135

========================================================================
Received Import Request.
  Time since last request: 0.000016 seconds.
  path: Assets/Scripts/Lab7/CharacterMask 1.mask
  artifactKey: Guid(4da07fef74e42f043a6796a903afed65) Importer(2089858483,192608db42251d675da83286b1cce702)
Start importing Assets/Scripts/Lab7/CharacterMask 1.mask using Guid(4da07fef74e42f043a6796a903afed65) Importer(2089858483,192608db42251d675da83286b1cce702) (ScriptedImporter) -> (artifact id: '407f8ed55b29341b1f8012283ddf6377') in 0.0156282 seconds
Number of updated asset objects reloaded before import = 0Number of asset objects unloaded after import = 1

========================================================================
Received Import Request.
  Time since last request: 0.000018 seconds.
  path: Assets/Scripts/Lab6/MoveToTargetAction.cs
  artifactKey: Guid(54088b4a672fd274e9c001916acf5e3e) Importer(2089858483,192608db42251d675da83286b1cce702)
Start importing Assets/Scripts/Lab6/MoveToTargetAction.cs using Guid(54088b4a672fd274e9c001916acf5e3e) Importer(2089858483,192608db42251d675da83286b1cce702) (ScriptedImporter) -> (artifact id: '4f0e9e5257ddec0b7d64d70864bce17f') in 0.0184373 seconds
Number of updated asset objects reloaded before import = 0Number of asset objects unloaded after import = 0

========================================================================
Received Import Request.
  Time since last request: 0.000040 seconds.
  path: Assets/Scripts/Lab 2/AttackState.cs
  artifactKey: Guid(52e56f397b2c8f94cbe019f456eb5422) Importer(2089858483,192608db42251d675da83286b1cce702)
Start importing Assets/Scripts/Lab 2/AttackState.cs using Guid(52e56f397b2c8f94cbe019f456eb5422) Importer(2089858483,192608db42251d675da83286b1cce702) (ScriptedImporter) -> (artifact id: '48c7a6faf3795d7f8c193202a12050c6') in 0.0123698 seconds
Number of updated asset objects reloaded before import = 0Number of asset objects unloaded after import = 0

========================================================================
Received Import Request.
  Time since last request: 0.000046 seconds.
  path: Assets/Scripts/Lab4/Grid.txt
  artifactKey: Guid(08476b169107b3948a98f4fd7b876d5d) Importer(2089858483,192608db42251d675da83286b1cce702)
Start importing Assets/Scripts/Lab4/Grid.txt using Guid(08476b169107b3948a98f4fd7b876d5d) Importer(2089858483,192608db42251d675da83286b1cce702) (ScriptedImporter) -> (artifact id: 'ba11a2cb4d13aba1a97242402560d969') in 0.018052 seconds
Number of updated asset objects reloaded before import = 0Number of asset objects unloaded after import = 1

========================================================================
Received Import Request.
  Time since last request: 0.000016 seconds.
  path: Assets/Scripts/Lab7/Basic Shooter Pack/firing rifle.fbx
  artifactKey: Guid(49b7d019cf4e8f0429c2e43572305ddb) Importer(2089858483,192608db42251d675da83286b1cce702)
Start importing Assets/Scripts/Lab7/Basic Shooter Pack/firing rifle.fbx using Guid(49b7d019cf4e8f0429c2e43572305ddb) Importer(2089858483,192608db42251d675da83286b1cce702) (ScriptedImporter) -> (artifact id: 'ac55cff58cfc80fe98d1becaf530ea38') in 0.0222852 seconds
Number of updated asset objects reloaded before import = 0Number of asset objects unloaded after import = 135

========================================================================
Received Import Request.
  Time since last request: 0.000032 seconds.
  path: Assets/Scripts/Lab5/Node.cs
  artifactKey: Guid(ab7c5f55011190845950b1749411ce5f) Importer(2089858483,192608db42251d675da83286b1cce702)
Start importing Assets/Scripts/Lab5/Node.cs using Guid(ab7c5f55011190845950b1749411ce5f) Importer(2089858483,192608db42251d675da83286b1cce702) (ScriptedImporter) -> (artifact id: '0ee3217399af904bfc4abeace97e2144') in 0.0123848 seconds
Number of updated asset objects reloaded before import = 0Number of asset objects unloaded after import = 0

========================================================================
Received Prepare
Begin MonoManager ReloadAssembly
Symbol file LoadedFromMemory is not a mono symbol file
- Loaded All Assemblies, in  1.325 seconds
Script 'Grid' has the same name as built-in Unity component.
AddComponent and GetComponent will not work with this script.
Refreshing native plugins compatible for Editor in 7.11 ms, found 5 plugins.
Native extension for WindowsStandalone target not found
Mono: successfully reloaded assembly
- Finished resetting the current domain, in  1.383 seconds
Domain Reload Profiling: 2687ms
	BeginReloadAssembly (301ms)
		ExecutionOrderSort (0ms)
		DisableScriptedObjects (13ms)
		BackupInstance (0ms)
		ReleaseScriptingObjects (0ms)
		CreateAndSetChildDomain (73ms)
	RebuildCommonClasses (38ms)
	RebuildNativeTypeToScriptingClass (13ms)
	initialDomainReloadingComplete (52ms)
	LoadAllAssembliesAndSetupDomain (900ms)
		LoadAssemblies (782ms)
		RebuildTransferFunctionScriptingTraits (0ms)
		AnalyzeDomain (270ms)
			TypeCache.Refresh (9ms)
				TypeCache.ScanAssembly (0ms)
			BuildScriptInfoCaches (252ms)
			ResolveRequiredComponents (5ms)
	FinalizeReload (1384ms)
		ReleaseScriptCaches (0ms)
		RebuildScriptCaches (0ms)
		SetupLoadedEditorAssemblies (1037ms)
			LogAssemblyErrors (0ms)
			InitializePlatformSupportModulesInManaged (2ms)
			SetLoadedEditorAssemblies (6ms)
			BeforeProcessingInitializeOnLoad (228ms)
			ProcessInitializeOnLoadAttributes (508ms)
			ProcessInitializeOnLoadMethodAttributes (264ms)
			AfterProcessingInitializeOnLoad (28ms)
			EditorAssembliesLoaded (0ms)
		ExecutionOrderSort2 (0ms)
		AwakeInstancesAfterBackupRestoration (12ms)
Refreshing native plugins compatible for Editor in 7.21 ms, found 5 plugins.
Preloading 1 native plugins for Editor in 0.12 ms.
Unloading 3 Unused Serialized files (Serialized files now loaded: 0)
Unloading 5839 unused Assets / (1.8 MB). Loaded Objects now: 6508.
Memory consumption went from 146.6 MB to 144.8 MB.
Total: 10.692600 ms (FindLiveObjects: 0.947300 ms CreateObjectMapping: 0.832600 ms MarkObjects: 7.050900 ms  DeleteObjects: 1.860900 ms)

Prepare: number of updated asset objects reloaded= 0
========================================================================
Received Import Request.
  Time since last request: 27.020896 seconds.
  path: Assets/Scripts/Lab7/CharacterAnimatorController.controller
  artifactKey: Guid(86db378a606c3144bae75bb429c7a60f) Importer(815301076,1909f56bfc062723c751e8b465ee728b)
Start importing Assets/Scripts/Lab7/CharacterAnimatorController.controller using Guid(86db378a606c3144bae75bb429c7a60f) Importer(815301076,1909f56bfc062723c751e8b465ee728b) (PreviewImporter) -> (artifact id: '2968a4f9d3678094ebbf557ea320922d') in 0.0211983 seconds
Number of updated asset objects reloaded before import = 0Number of asset objects unloaded after import = 9

========================================================================
Received Prepare
Begin MonoManager ReloadAssembly
Symbol file LoadedFromMemory is not a mono symbol file
- Loaded All Assemblies, in  1.313 seconds
Script 'Grid' has the same name as built-in Unity component.
AddComponent and GetComponent will not work with this script.
Refreshing native plugins compatible for Editor in 6.94 ms, found 5 plugins.
Native extension for WindowsStandalone target not found
Mono: successfully reloaded assembly
- Finished resetting the current domain, in  1.421 seconds
Domain Reload Profiling: 2712ms
	BeginReloadAssembly (313ms)
		ExecutionOrderSort (0ms)
		DisableScriptedObjects (13ms)
		BackupInstance (0ms)
		ReleaseScriptingObjects (0ms)
		CreateAndSetChildDomain (67ms)
	RebuildCommonClasses (44ms)
	RebuildNativeTypeToScriptingClass (11ms)
	initialDomainReloadingComplete (54ms)
	LoadAllAssembliesAndSetupDomain (868ms)
		LoadAssemblies (757ms)
		RebuildTransferFunctionScriptingTraits (0ms)
		AnalyzeDomain (273ms)
			TypeCache.Refresh (9ms)
				TypeCache.ScanAssembly (0ms)
			BuildScriptInfoCaches (255ms)
			ResolveRequiredComponents (5ms)
	FinalizeReload (1422ms)
		ReleaseScriptCaches (0ms)
		RebuildScriptCaches (0ms)
		SetupLoadedEditorAssemblies (1065ms)
			LogAssemblyErrors (0ms)
			InitializePlatformSupportModulesInManaged (3ms)
			SetLoadedEditorAssemblies (5ms)
			BeforeProcessingInitializeOnLoad (221ms)
			ProcessInitializeOnLoadAttributes (530ms)
			ProcessInitializeOnLoadMethodAttributes (278ms)
			AfterProcessingInitializeOnLoad (29ms)
			EditorAssembliesLoaded (0ms)
		ExecutionOrderSort2 (0ms)
		AwakeInstancesAfterBackupRestoration (61ms)
Refreshing native plugins compatible for Editor in 6.15 ms, found 5 plugins.
Preloading 1 native plugins for Editor in 0.13 ms.
Unloading 3 Unused Serialized files (Serialized files now loaded: 0)
Unloading 5839 unused Assets / (1.5 MB). Loaded Objects now: 6511.
Memory consumption went from 146.6 MB to 145.2 MB.
Total: 9.099300 ms (FindLiveObjects: 0.600900 ms CreateObjectMapping: 0.648900 ms MarkObjects: 6.458700 ms  DeleteObjects: 1.390100 ms)

Prepare: number of updated asset objects reloaded= 0
========================================================================
Received Import Request.
  Time since last request: 241.270842 seconds.
  path: Assets/Scripts/Lab7/LowerBody.mask
  artifactKey: Guid(4da07fef74e42f043a6796a903afed65) Importer(815301076,1909f56bfc062723c751e8b465ee728b)
Start importing Assets/Scripts/Lab7/LowerBody.mask using Guid(4da07fef74e42f043a6796a903afed65) Importer(815301076,1909f56bfc062723c751e8b465ee728b) (PreviewImporter) -> (artifact id: '3daa0b2f81c3de8c31bfa82cc3f08bb5') in 0.0192963 seconds
Number of updated asset objects reloaded before import = 0Number of asset objects unloaded after import = 1

========================================================================
Received Import Request.
  Time since last request: 5.026542 seconds.
  path: Assets/Scripts/Lab7/UpperBody.mask
  artifactKey: Guid(264e6451da563eb4db03cf1130fcddcb) Importer(815301076,1909f56bfc062723c751e8b465ee728b)
Start importing Assets/Scripts/Lab7/UpperBody.mask using Guid(264e6451da563eb4db03cf1130fcddcb) Importer(815301076,1909f56bfc062723c751e8b465ee728b) (PreviewImporter) -> (artifact id: '81bd6b6f94eb1323d262a49517f24340') in 0.0014989 seconds
Number of updated asset objects reloaded before import = 0Number of asset objects unloaded after import = 1

========================================================================
Received Import Request.
  Time since last request: 7.084924 seconds.
  path: Assets/Scripts/Lab7/CharacterAnimatorController.controller
  artifactKey: Guid(86db378a606c3144bae75bb429c7a60f) Importer(815301076,1909f56bfc062723c751e8b465ee728b)
Start importing Assets/Scripts/Lab7/CharacterAnimatorController.controller using Guid(86db378a606c3144bae75bb429c7a60f) Importer(815301076,1909f56bfc062723c751e8b465ee728b) (PreviewImporter) -> (artifact id: '11c688c25936fefd46c9939c0df2602d') in 0.0041963 seconds
Number of updated asset objects reloaded before import = 0Number of asset objects unloaded after import = 9

